org.example.EventMessage@2d6764b2
org.example.MovieMessage@49d3c823
{"messageId":"Resort0","resortName":"ResortName0","resortTitle":"ResortTitle0"}
{"messageId":"Resort0","resortName":"ResortName0","resortTitle":"ResortTitle0"}
{"message":"org.example.EventMessage@5b068087","host":"SYN-PF4STCA3"}
{"message":"org.example.MovieMessage@37efd131","host":"SYN-PF4STCA3"}
{"message":"{\"messageId\":\"Resort0\",\"resortName\":\"ResortName0\",\"resortTitle\":\"ResortTitle0\"}","host":"SYN-PF4STCA3"}
{"message":"{\"messageId\":\"Resort0\",\"resortName\":\"ResortName0\",\"resortTitle\":\"ResortTitle0\"}","host":"SYN-PF4STCA3"}
org.example.EventMessage@2d6764b2
org.example.MovieMessage@49d3c823
{"messageId":"Resort0","resortName":"ResortName0","resortTitle":"ResortTitle0"}
{"messageId":"Resort0","resortName":"ResortName0","resortTitle":"ResortTitle0"}
org.example.EventMessage@42f8285e
org.example.MovieMessage@3b0c9195
{"messageId":"Resort0","resortName":"ResortName0","resortTitle":"ResortTitle0"}
{"messageId":"Resort0","resortName":"ResortName0","resortTitle":"ResortTitle0"}
org.example.EventMessage@42f8285e
org.example.MovieMessage@3b0c9195
{"messageId":"Resort0","resortName":"ResortName0","resortTitle":"ResortTitle0"}
{"messageId":"Resort0","resortName":"ResortName0","resortTitle":"ResortTitle0"}
org.example.EventMessage@42f8285e
org.example.MovieMessage@3b0c9195
{"messageId":"Resort0","resortName":"ResortName0","resortTitle":"ResortTitle0"}
{"messageId":"Resort0","resortName":"ResortName0","resortTitle":"ResortTitle0"}
org.example.EventMessage@42f8285e
org.example.MovieMessage@3b0c9195
{"messageId":"Resort0","resortName":"ResortName0","resortTitle":"ResortTitle0"}
{"messageId":"Resort0","resortName":"ResortName0","resortTitle":"ResortTitle0"}
org.example.EventMessage@2807bdeb
org.example.MovieMessage@70a36a66
{"messageId":"Resort0","resortName":"ResortName0","resortTitle":"ResortTitle0"}
{"messageId":"Resort0","resortName":"ResortName0","resortTitle":"ResortTitle0"}
org.example.EventMessage@79c7532f
org.example.MovieMessage@2da59753
{"messageId":"Resort0","resortName":"ResortName0","resortTitle":"ResortTitle0"}
{"messageId":"Resort0","resortName":"ResortName0","resortTitle":"ResortTitle0"}
org.example.EventMessage@79c7532f
org.example.MovieMessage@2da59753
{"messageId":"Resort0","resortName":"ResortName0","resortTitle":"ResortTitle0"}
{"messageId":"Resort0","resortName":"ResortName0","resortTitle":"ResortTitle0"}
org.example.EventMessage@79c7532f
org.example.MovieMessage@2da59753
{"messageId":"Resort0","resortName":"ResortName0","resortTitle":"ResortTitle0"}
{"messageId":"Resort0","resortName":"ResortName0","resortTitle":"ResortTitle0"}
org.example.EventMessage@79c7532f
org.example.MovieMessage@2da59753
{"messageId":"Resort0","resortName":"ResortName0","resortTitle":"ResortTitle0"}
{"messageId":"Resort0","resortName":"ResortName0","resortTitle":"ResortTitle0"}
org.example.EventMessage@79c7532f
org.example.MovieMessage@2da59753
{"messageId":"Resort0","resortName":"ResortName0","resortTitle":"ResortTitle0"}
{"messageId":"Resort0","resortName":"ResortName0","resortTitle":"ResortTitle0"}
org.example.EventMessage@6399551e
org.example.MovieMessage@57abad67
{"messageId":"Resort0","resortName":"ResortName0","resortTitle":"ResortTitle0"}
{"messageId":"Resort0","resortName":"ResortName0","resortTitle":"ResortTitle0"}
org.example.EventMessage@6399551e
org.example.MovieMessage@57abad67
{"messageId":"Resort0","resortName":"ResortName0","resortTitle":"ResortTitle0"}
{"messageId":"Resort0","resortName":"ResortName0","resortTitle":"ResortTitle0"}
org.example.EventMessage@6399551e
org.example.MovieMessage@57abad67
{"messageId":"Resort0","resortName":"ResortName0","resortTitle":"ResortTitle0"}
{"messageId":"Resort0","resortName":"ResortName0","resortTitle":"ResortTitle0"}
org.example.EventMessage@6399551e
org.example.MovieMessage@57abad67
{"messageId":"Resort0","resortName":"ResortName0","resortTitle":"ResortTitle0"}
{"messageId":"Resort0","resortName":"ResortName0","resortTitle":"ResortTitle0"}
org.example.EventMessage@79c7532f
org.example.MovieMessage@2da59753
{"messageId":"Resort0","resortName":"ResortName0","resortTitle":"ResortTitle0"}
{"messageId":"Resort0","resortName":"ResortName0","resortTitle":"ResortTitle0"}
org.example.EventMessage@79c7532f
org.example.MovieMessage@2da59753
{"messageId":"Resort0","resortName":"ResortName0","resortTitle":"ResortTitle0"}
{"messageId":"Resort0","resortName":"ResortName0","resortTitle":"ResortTitle0"}
org.example.EventMessage@75cd8043
org.example.MovieMessage@7f36662c
{"messageId":"Resort0","resortName":"ResortName0","resortTitle":"ResortTitle0"}
{"messageId":"Resort0","resortName":"ResortName0","resortTitle":"ResortTitle0"}
